<?xml version="1.0" encoding="UTF-8"?>
<!-- Generated by org.testng.reporters.JUnitReportReporter -->
<testsuite hostname="FAYAZ" name="priority.TestNGGroups" tests="4" failures="0" timestamp="7 May 2020 10:48:52 GMT" time="0.043" errors="0">
  <testcase name="test4" time="0.004" classname="priority.TestNGGroups"/>
  <testcase name="test2" time="0.003" classname="priority.TestNGGroups"/>
  <testcase name="test3" time="0.003" classname="priority.TestNGGroups"/>
  <testcase name="test1" time="0.033" classname="priority.TestNGGroups"/>
</testsuite> <!-- priority.TestNGGroups -->
