<?xml version="1.0" encoding="UTF-8"?>
<!-- Generated by org.testng.reporters.JUnitReportReporter -->
<testsuite hostname="FAYAZ" name="utils.exceldataprovider" tests="11" failures="0" timestamp="5 May 2020 06:47:48 GMT" time="25.332" errors="0">
  <testcase name="test" time="1.339" classname="utils.exceldataprovider"/>
  <testcase name="test" time="1.526" classname="utils.exceldataprovider"/>
  <testcase name="test" time="1.485" classname="utils.exceldataprovider"/>
  <testcase name="test" time="1.937" classname="utils.exceldataprovider"/>
  <testcase name="test" time="1.846" classname="utils.exceldataprovider"/>
  <testcase name="test" time="2.421" classname="utils.exceldataprovider"/>
  <testcase name="test" time="8.032" classname="utils.exceldataprovider"/>
  <testcase name="test" time="1.353" classname="utils.exceldataprovider"/>
  <testcase name="test" time="1.403" classname="utils.exceldataprovider"/>
  <testcase name="test" time="1.799" classname="utils.exceldataprovider"/>
  <testcase name="test" time="2.191" classname="utils.exceldataprovider"/>
</testsuite> <!-- utils.exceldataprovider -->
