<?xml version="1.0" encoding="UTF-8"?>
<!-- Generated by org.testng.reporters.JUnitReportReporter -->
<testsuite skipped="0" hostname="FAYAZ" name="priority.TestNGDepenedency" tests="3" failures="0" timestamp="07 May 2020 16:32:32 GMT" time="0.043" errors="0">
  <testcase name="test3" time="0.003" classname="priority.TestNGDepenedency"/>
  <testcase name="test1" time="0.012" classname="priority.TestNGDepenedency"/>
  <testcase name="test2" time="0.028" classname="priority.TestNGDepenedency"/>
</testsuite> <!-- priority.TestNGDepenedency -->
