<?xml version="1.0" encoding="UTF-8"?>
<!-- Generated by org.testng.reporters.JUnitReportReporter -->
<testsuite hostname="FAYAZ" name="priority.TestNGPriority" tests="3" failures="0" timestamp="6 May 2020 15:50:09 GMT" time="0.049" errors="0">
  <testcase name="test3" time="0.003" classname="priority.TestNGPriority"/>
  <testcase name="test1" time="0.004" classname="priority.TestNGPriority"/>
  <testcase name="test2" time="0.042" classname="priority.TestNGPriority"/>
</testsuite> <!-- priority.TestNGPriority -->
