<?xml version="1.0" encoding="UTF-8"?>
<!-- Generated by org.testng.reporters.JUnitReportReporter -->
<testsuite skipped="0" hostname="FAYAZ" name="priority.TestNGParameters" tests="1" failures="0" timestamp="07 May 2020 14:38:19 GMT" time="0.032" errors="0">
  <testcase name="test" time="0.032" classname="priority.TestNGParameters"/>
</testsuite> <!-- priority.TestNGParameters -->
