<?xml version="1.0" encoding="UTF-8"?>
<!-- Generated by org.testng.reporters.JUnitReportReporter -->
<testsuite skipped="1" hostname="FAYAZ" name="priority.TestNGignore" tests="2" failures="0" timestamp="07 May 2020 17:06:18 GMT" time="0.030" errors="0">
  <testcase name="test2" time="0.030" classname="priority.TestNGignore"/>
  <testcase name="test1" classname="priority.TestNGignore">
    <skipped/>
  </testcase> <!-- test1 -->
</testsuite> <!-- priority.TestNGignore -->
