<?xml version="1.0" encoding="UTF-8"?>
<!-- Generated by org.testng.reporters.JUnitReportReporter -->
<testsuite skipped="0" hostname="FAYAZ" name="seleniumframework.testNGwithextentreport" tests="1" failures="0" timestamp="10 May 2020 06:21:05 GMT" time="29.646" errors="0">
  <testcase name="logintest" time="29.646" classname="seleniumframework.testNGwithextentreport"/>
</testsuite> <!-- seleniumframework.testNGwithextentreport -->
