<?xml version="1.0" encoding="UTF-8"?>
<!-- Generated by org.testng.reporters.JUnitReportReporter -->
<testsuite hostname="FAYAZ" name="seleniumframework.POM2brosertestNG" tests="1" failures="0" timestamp="30 Apr 2020 09:53:31 GMT" time="9.955" errors="0">
  <testcase name="sitelogin" time="9.955" classname="seleniumframework.POM2brosertestNG"/>
</testsuite> <!-- seleniumframework.POM2brosertestNG -->
